2017-11-27 20:04:55,551 - ftpClient - INFO - 连接服务器成功
2017-11-27 20:04:55,551 - ftpServer - INFO - 有用户接入
2017-11-27 20:05:26,937 - ftpClient - INFO - 连接服务器成功
2017-11-27 20:05:26,937 - ftpServer - INFO - 有用户接入
2017-11-27 20:07:08,286 - ftpClient - INFO - 连接服务器成功
2017-11-27 20:07:08,305 - ftpServer - INFO - 有用户接入
2017-11-27 20:07:42,422 - ftpClient - INFO - 连接服务器成功
2017-11-27 20:07:42,423 - ftpServer - INFO - 有用户接入
2017-11-27 20:09:17,088 - ftpClient - INFO - 连接服务器成功
2017-11-27 20:09:17,090 - ftpServer - INFO - 有用户接入
2017-11-27 20:10:46,691 - ftpClient - INFO - 连接服务器成功
2017-11-27 20:10:46,691 - ftpServer - INFO - 有用户接入
2017-11-27 20:16:54,905 - ftpClient - INFO - 连接服务器成功
2017-11-27 20:19:27,247 - ftpClient - INFO - 连接服务器成功
2017-11-27 20:19:27,247 - ftpServer - INFO - 有新用户接入
2017-11-27 20:19:30,831 - ftpClient - INFO - 连接服务器成功
2017-11-27 20:19:30,831 - ftpServer - INFO - 有新用户接入
2017-11-27 20:20:40,532 - ftpClient - INFO - 连接服务器成功
2017-11-27 20:20:40,532 - ftpServer - INFO - 有新用户接入
2017-11-27 20:22:20,732 - ftpClient - INFO - 连接服务器成功
2017-11-27 20:22:33,206 - ftpServer - INFO - 有新用户接入
2017-11-27 20:22:41,852 - ftpClient - INFO - 连接服务器成功
2017-11-27 20:22:52,660 - ftpServer - INFO - 有新用户接入
2017-11-27 20:26:03,215 - ftpClient - INFO - 连接服务器成功
2017-11-27 20:26:03,215 - ftpServer - INFO - 有新用户接入
2017-11-27 20:26:09,036 - ftpClient - INFO - 连接服务器成功
2017-11-27 20:26:09,036 - ftpServer - INFO - 有新用户接入
2017-11-27 20:27:26,899 - ftpClient - INFO - 连接服务器成功
2017-11-27 20:27:26,900 - ftpServer - INFO - 有新用户接入
2017-11-27 20:27:30,686 - ftpClient - INFO - 连接服务器成功
2017-11-27 20:27:30,688 - ftpServer - INFO - 有新用户接入
2017-11-27 20:27:41,107 - ftpClient - INFO - 连接服务器成功
2017-11-27 20:27:41,107 - ftpServer - INFO - 有新用户接入
2017-11-27 20:28:03,995 - ftpClient - INFO - 连接服务器成功
2017-11-27 20:28:03,996 - ftpServer - INFO - 有新用户接入
2017-11-27 20:29:15,534 - ftpClient - INFO - 连接服务器成功
2017-11-27 20:29:15,534 - ftpServer - INFO - 有新用户接入
2017-11-27 20:29:19,741 - ftpClient - INFO - 连接服务器成功
2017-11-27 20:29:19,741 - ftpServer - INFO - 有新用户接入
2017-11-27 20:29:32,279 - ftpClient - INFO - 连接服务器成功
2017-11-27 20:29:32,279 - ftpServer - INFO - 有新用户接入
2017-11-27 20:33:33,490 - ftpClient - INFO - 连接服务器成功
2017-11-27 20:33:39,768 - ftpServer - INFO - 有新用户接入
2017-11-27 20:33:44,317 - ftpClient - INFO - 连接服务器成功
2017-11-27 20:33:49,371 - ftpServer - INFO - 有新用户接入
2017-11-27 20:34:57,217 - ftpClient - INFO - 连接服务器成功
2017-11-27 20:34:57,217 - ftpServer - INFO - 有新用户接入
2017-11-27 20:35:11,773 - ftpClient - INFO - 连接服务器成功
2017-11-27 20:35:11,773 - ftpServer - INFO - 有新用户接入
2017-11-27 20:35:14,912 - ftpClient - INFO - 连接服务器成功
2017-11-27 20:35:14,912 - ftpServer - INFO - 有新用户接入
2017-11-27 20:38:36,086 - ftpClient - INFO - 连接服务器成功
2017-11-27 20:38:36,086 - ftpServer - INFO - 有新用户接入
2017-11-27 20:38:38,783 - ftpClient - INFO - 连接服务器成功
2017-11-27 20:38:38,783 - ftpServer - INFO - 有新用户接入
2017-11-27 20:39:19,972 - ftpClient - INFO - 连接服务器成功
2017-11-27 20:39:19,973 - ftpServer - INFO - 有新用户接入
2017-11-27 20:42:06,246 - ftpClient - INFO - 连接服务器成功
2017-11-27 20:42:06,246 - ftpServer - INFO - 有新用户接入
2017-11-27 21:08:09,602 - ftpClient - INFO - 连接服务器成功
2017-11-27 21:08:09,608 - ftpServer - INFO - 新用户接入
2017-11-27 21:11:11,040 - ftpClient - INFO - 连接服务器成功
2017-11-27 21:11:11,040 - ftpServer - INFO - 新用户接入
2017-11-27 21:12:16,247 - ftpClient - INFO - 连接服务器成功
2017-11-27 21:12:16,247 - ftpServer - INFO - 新用户接入
2017-11-27 21:12:43,769 - ftpClient - INFO - 连接服务器成功
2017-11-27 21:12:43,769 - ftpServer - INFO - 新用户接入
2017-11-27 21:13:06,281 - ftpClient - INFO - 连接服务器成功
2017-11-27 21:13:06,282 - ftpServer - INFO - 新用户接入
2017-11-27 21:13:29,901 - ftpClient - INFO - 连接服务器成功
2017-11-27 21:13:29,901 - ftpServer - INFO - 新用户接入
2017-11-27 21:49:44,884 - ftpClient - INFO - 连接服务器成功
2017-11-27 21:49:44,884 - ftpServer - INFO - 新用户接入
2017-11-27 21:49:55,977 - ftpClient - INFO - 请输入用户名和密码.
2017-11-27 23:57:25,503 - ftpClient - INFO - 连接服务器成功
2017-11-27 23:57:25,503 - ftpServer - INFO - 新用户接入
2017-11-27 23:59:32,544 - ftpClient - INFO - 连接服务器成功
2017-11-27 23:59:32,552 - ftpServer - INFO - 新用户接入
2017-11-27 23:59:47,143 - ftpClient - INFO - 
2017-11-28 00:03:10,653 - ftpClient - INFO - 连接服务器成功
2017-11-28 00:03:10,653 - ftpServer - INFO - 新用户接入
2017-11-28 00:03:19,692 - ftpClient - INFO - 
2017-11-28 00:06:42,313 - ftpClient - INFO - 连接服务器成功
2017-11-28 00:06:42,318 - ftpServer - INFO - 新用户接入
2017-11-28 00:06:52,200 - ftpServer - INFO - 成功创建用户!
2017-11-28 00:06:52,200 - ftpClient - INFO - 注册成功
2017-11-28 00:07:34,664 - ftpClient - INFO - 连接服务器成功
2017-11-28 00:07:34,668 - ftpServer - INFO - 新用户接入
2017-11-28 00:07:49,012 - ftpServer - INFO - 成功创建用户!
2017-11-28 00:07:49,012 - ftpClient - INFO - 注册成功
2017-11-28 00:08:39,499 - ftpClient - INFO - 连接服务器成功
2017-11-28 00:08:39,504 - ftpServer - INFO - 新用户接入
2017-11-28 00:08:48,504 - ftpClient - INFO - 
2017-11-28 00:10:41,977 - ftpClient - INFO - 连接服务器成功
2017-11-28 00:10:41,987 - ftpServer - INFO - 新用户接入
2017-11-28 00:10:54,299 - ftpClient - INFO - 
2017-11-28 00:12:13,976 - ftpServer - INFO - 新用户接入
2017-11-28 00:12:13,976 - ftpClient - INFO - 连接服务器成功
2017-11-28 00:12:23,005 - ftpClient - INFO - 连接服务器成功
2017-11-28 00:12:23,006 - ftpServer - INFO - 新用户接入
2017-11-28 00:12:34,688 - ftpClient - INFO - 
2017-11-28 00:12:48,724 - ftpClient - INFO - 连接服务器成功
2017-11-28 00:12:48,725 - ftpServer - INFO - 新用户接入
2017-11-28 00:14:12,124 - ftpClient - INFO - 连接服务器成功
2017-11-28 00:14:12,125 - ftpServer - INFO - 新用户接入
2017-11-28 00:14:19,456 - ftpClient - INFO - 
2017-11-28 00:20:44,471 - ftpClient - INFO - 连接服务器成功
2017-11-28 00:20:44,471 - ftpServer - INFO - 新用户接入
2017-11-28 00:20:52,128 - ftpServer - INFO - 成功创建用户!
2017-11-28 00:20:52,129 - ftpClient - INFO - 注册成功
2017-11-28 20:04:28,999 - ftpClient - INFO - 连接服务器成功
2017-11-28 20:04:28,999 - ftpServer - INFO - 新用户接入
2017-11-28 20:04:37,272 - ftpServer - INFO - 成功创建用户!
2017-11-28 20:04:37,272 - ftpClient - INFO - 注册成功
2017-11-28 20:30:18,164 - ftpServer - INFO - 新用户接入
2017-11-28 20:32:54,234 - ftpServer - INFO - 新用户接入
2017-11-28 20:33:01,871 - ftpServer - INFO - 新用户接入
2017-11-28 20:33:34,008 - ftpServer - INFO - 新用户接入
2017-11-28 20:35:03,547 - ftpServer - INFO - 新用户接入
2017-11-28 20:37:35,090 - ftpServer - INFO - 新用户接入
2017-11-28 20:39:21,821 - ftpServer - INFO - 新用户接入
2017-11-28 20:39:26,024 - ftpServer - INFO - 新用户接入
2017-11-28 20:40:06,737 - ftpServer - INFO - 新用户接入
2017-11-28 20:42:47,507 - ftpServer - INFO - 新用户接入
2017-11-28 20:48:48,026 - ftpServer - INFO - 新用户接入
2017-11-28 20:49:54,481 - ftpServer - INFO - 新用户接入
2017-11-28 20:52:14,622 - ftpServer - INFO - 新用户接入
2017-11-28 20:52:28,711 - ftpServer - INFO - 成功创建用户!
2017-11-28 21:17:28,493 - ftpServer - INFO - 新用户接入
2017-11-28 21:17:57,631 - ftpServer - INFO - 78d147944f3d1aeebab3a100dae28ab6用户接入
2017-11-28 21:18:25,133 - ftpServer - INFO - 新用户接入
2017-11-28 21:18:32,291 - ftpServer - INFO - 新用户接入
2017-11-28 21:18:39,091 - ftpServer - INFO - 46ab452aa4ead12eacb118b92c319241用户接入
2017-11-28 21:19:20,468 - ftpServer - INFO - 新用户接入
2017-11-28 21:19:26,039 - ftpServer - INFO - 46ab452aa4ead12eacb118b92c319241用户接入
2017-11-28 21:19:57,332 - ftpServer - INFO - 新用户接入
2017-11-28 21:20:04,910 - ftpServer - INFO - 46ab452aa4ead12eacb118b92c319241用户接入
2017-11-28 21:20:15,244 - ftpServer - INFO - 新用户接入
2017-11-28 21:24:49,949 - ftpServer - INFO - 新用户接入
2017-11-28 22:42:51,250 - ftpServer - INFO - 新用户接入
2017-11-28 22:42:59,507 - ftpServer - INFO - 成功创建用户!
2017-12-04 16:24:06,110 - ftpServer - INFO - 新用户接入
2017-12-04 16:26:03,845 - ftpServer - INFO - 新用户接入
2017-12-04 16:36:35,007 - ftpServer - INFO - 新用户接入
2017-12-04 16:37:42,178 - ftpServer - INFO - 新用户接入
2017-12-04 16:42:52,489 - ftpServer - INFO - 新用户接入
2017-12-04 16:43:40,868 - ftpServer - INFO - 成功创建用户!
2017-12-04 16:53:46,214 - ftpServer - INFO - 新用户接入
2017-12-04 16:56:50,123 - ftpServer - INFO - 新用户接入
2017-12-04 16:57:07,136 - ftpServer - INFO - c5d652045161c2fa9bccf57aa18cc6a1用户接入
2017-12-04 16:58:47,671 - ftpServer - INFO - 新用户接入
2017-12-04 16:58:59,198 - ftpServer - INFO - 成功创建用户!
2017-12-04 17:05:29,862 - ftpServer - INFO - 新用户接入
2017-12-04 17:09:35,147 - ftpServer - INFO - 新用户接入
2017-12-04 17:10:13,800 - ftpServer - INFO - 46ab452aa4ead12eacb118b92c319241用户接入
2017-12-04 19:19:17,805 - ftpServer - INFO - 新用户接入
2017-12-04 19:20:08,825 - ftpServer - INFO - 新用户接入
2017-12-04 19:21:35,398 - ftpServer - INFO - 新用户接入
2017-12-04 19:23:01,890 - ftpServer - INFO - 新用户接入
2017-12-04 19:23:09,363 - ftpServer - INFO - 新用户接入
2017-12-04 19:26:28,478 - ftpServer - INFO - 新用户接入
2017-12-04 19:28:15,535 - ftpServer - INFO - 新用户接入
2017-12-04 19:28:30,733 - ftpServer - INFO - 新用户接入
2017-12-04 19:29:14,190 - ftpServer - INFO - 新用户接入
2017-12-04 19:30:48,303 - ftpServer - INFO - 新用户接入
2017-12-04 19:31:14,987 - ftpServer - INFO - 新用户接入
2017-12-04 19:31:49,804 - ftpServer - INFO - 新用户接入
2017-12-04 19:32:34,568 - ftpServer - INFO - 新用户接入
2017-12-04 19:32:45,001 - ftpServer - INFO - 成功创建用户!
2017-12-04 19:33:46,096 - ftpServer - INFO - 新用户接入
2017-12-04 19:34:06,873 - ftpServer - INFO - 新用户接入
2017-12-04 19:34:18,096 - ftpServer - INFO - 成功创建用户!
2017-12-04 19:36:09,963 - ftpServer - INFO - 新用户接入
2017-12-04 19:36:43,192 - ftpServer - INFO - 成功创建用户!
2017-12-04 19:38:33,161 - ftpServer - INFO - 新用户接入
2017-12-04 19:38:48,724 - ftpServer - INFO - 成功创建用户!
2017-12-04 19:40:18,277 - ftpServer - INFO - 新用户接入
2017-12-04 19:40:29,005 - ftpServer - INFO - 成功创建用户!
2017-12-04 19:49:05,364 - ftpServer - INFO - 新用户接入
2017-12-04 19:49:18,894 - ftpServer - INFO - 成功创建用户!
2017-12-04 19:51:27,978 - ftpServer - INFO - 新用户接入
2017-12-04 19:51:48,714 - ftpServer - INFO - 成功创建用户!
2017-12-04 19:53:45,771 - ftpServer - INFO - 成功创建用户!
2017-12-04 19:54:28,087 - ftpServer - INFO - 新用户接入
2017-12-04 19:54:38,050 - ftpServer - INFO - 成功创建用户!
2017-12-04 19:54:52,992 - ftpServer - INFO - 新用户接入
2017-12-04 19:55:41,829 - ftpServer - INFO - 新用户接入
2017-12-04 19:55:58,007 - ftpServer - INFO - 成功创建用户!
2017-12-04 19:57:01,038 - ftpServer - INFO - 新用户接入
2017-12-04 19:58:24,176 - ftpServer - INFO - 新用户接入
2017-12-04 19:58:35,000 - ftpServer - INFO - 成功创建用户!
2017-12-04 19:59:17,627 - ftpServer - INFO - 新用户接入
2017-12-04 20:11:30,667 - ftpServer - INFO - 新用户接入
2017-12-04 20:11:47,676 - ftpServer - INFO - 成功创建用户!
2017-12-04 20:13:56,482 - ftpServer - INFO - 新用户接入
2017-12-04 20:14:07,137 - ftpServer - INFO - 46ab452aa4ead12eacb118b92c319241用户接入
2017-12-04 20:16:27,628 - ftpServer - INFO - 新用户接入
2017-12-04 20:16:35,233 - ftpServer - INFO - 46ab452aa4ead12eacb118b92c319241用户接入
2017-12-04 20:16:38,087 - ftpServer - INFO - 新用户接入
2017-12-04 20:17:51,759 - ftpServer - INFO - 新用户接入
2017-12-04 20:22:02,485 - ftpServer - INFO - 新用户接入
2017-12-04 20:22:12,188 - ftpServer - INFO - 成功创建用户!
2017-12-04 20:22:16,253 - ftpServer - INFO - 新用户接入
2017-12-04 20:22:43,573 - ftpServer - INFO - 新用户接入
2017-12-04 20:22:52,755 - ftpServer - INFO - shunzi用户接入
2017-12-04 20:22:55,155 - ftpServer - INFO - 新用户接入
2017-12-04 20:23:06,876 - ftpServer - INFO - shunzi用户接入
2017-12-04 20:23:11,021 - ftpServer - INFO - 新用户接入
2017-12-04 20:23:16,489 - ftpServer - INFO - 新用户接入
2017-12-04 20:23:27,436 - ftpServer - INFO - shunzi用户接入
2017-12-04 20:50:30,919 - ftpServer - INFO - 新用户接入
2017-12-04 20:50:40,638 - ftpServer - INFO - 成功创建用户!
2017-12-04 20:50:44,889 - ftpServer - INFO - 新用户接入
2017-12-04 20:52:46,816 - ftpServer - INFO - 新用户接入
2017-12-04 20:52:58,434 - ftpServer - INFO - 成功创建用户!
2017-12-04 20:53:09,770 - ftpServer - INFO - 新用户接入
2017-12-04 20:54:12,085 - ftpServer - INFO - 新用户接入
2017-12-04 20:54:30,916 - ftpServer - INFO - 成功创建用户!
2017-12-04 20:54:34,695 - ftpServer - INFO - 新用户接入
2017-12-04 20:58:14,432 - ftpServer - INFO - 新用户接入
2017-12-04 20:58:29,872 - ftpServer - INFO - 新用户接入
2017-12-04 20:58:34,867 - ftpServer - INFO - 新用户接入
2017-12-04 20:58:44,283 - ftpServer - INFO - 成功创建用户!
2017-12-04 20:58:49,721 - ftpServer - INFO - 新用户接入
2017-12-04 21:03:27,596 - ftpServer - INFO - 新用户接入
2017-12-04 21:03:34,278 - ftpServer - INFO - 成功创建用户!
2017-12-04 21:04:01,820 - ftpServer - INFO - 新用户接入
2017-12-04 21:04:08,451 - ftpServer - INFO - 成功创建用户!
2017-12-05 16:27:09,512 - ftpServer - INFO - 新用户接入
2017-12-05 16:27:57,511 - ftpServer - INFO - 成功创建用户!
2017-12-05 16:28:33,897 - ftpServer - INFO - 新用户接入
2017-12-05 16:30:14,577 - ftpServer - INFO - 新用户接入
2017-12-05 16:31:14,186 - ftpServer - INFO - 新用户接入
2017-12-05 16:31:19,363 - ftpServer - INFO - 新用户接入
2017-12-05 16:31:22,793 - ftpServer - INFO - 新用户接入
2017-12-05 16:31:57,984 - ftpServer - INFO - 成功创建用户!
2017-12-05 16:32:13,013 - ftpServer - INFO - shunzi用户接入
2017-12-05 16:32:25,114 - ftpServer - INFO - 新用户接入
2017-12-05 16:35:56,360 - ftpServer - INFO - 新用户接入
2017-12-05 16:36:11,545 - ftpServer - INFO - 新用户接入
2017-12-05 16:41:32,127 - ftpServer - INFO - 新用户接入
2017-12-05 16:41:48,262 - ftpServer - INFO - 新用户接入
2017-12-05 16:42:14,098 - ftpServer - INFO - 新用户接入
2017-12-05 16:45:14,291 - ftpServer - INFO - 新用户接入
2017-12-05 16:48:05,343 - ftpServer - INFO - 新用户接入
2017-12-05 16:49:14,864 - ftpServer - INFO - 新用户接入
2017-12-05 16:50:23,813 - ftpServer - INFO - 新用户接入
2017-12-05 16:50:47,302 - ftpServer - INFO - 新用户接入
2017-12-05 16:50:54,419 - ftpServer - INFO - shunzi用户接入
2017-12-05 16:52:22,222 - ftpServer - INFO - 新用户接入
2017-12-05 16:53:21,822 - ftpServer - INFO - 新用户接入
2017-12-05 16:53:44,365 - ftpServer - INFO - 新用户接入
2017-12-05 16:53:56,909 - ftpServer - INFO - 新用户接入
2017-12-05 16:54:14,868 - ftpServer - INFO - 新用户接入
2017-12-05 16:54:54,541 - ftpServer - INFO - 新用户接入
2017-12-05 16:55:04,325 - ftpServer - INFO - 新用户接入
2017-12-05 16:55:26,722 - ftpServer - INFO - 新用户接入
2017-12-05 16:58:12,611 - ftpServer - INFO - 新用户接入
2017-12-05 16:59:02,495 - ftpServer - INFO - 新用户接入
2017-12-05 17:00:21,023 - ftpServer - INFO - 新用户接入
2017-12-05 17:00:24,405 - ftpServer - INFO - 用户关闭连接
2017-12-05 19:51:24,740 - ftpServer - INFO - 新用户接入
2017-12-05 19:53:51,059 - ftpServer - INFO - 新用户接入
2017-12-05 19:54:00,377 - ftpServer - INFO - shunzi用户接入
2017-12-05 19:55:52,975 - ftpServer - INFO - 新用户接入
2017-12-05 19:56:00,053 - ftpServer - INFO - shunzi用户接入
2017-12-05 19:56:44,333 - ftpServer - INFO - 新用户接入
2017-12-05 19:56:53,420 - ftpServer - INFO - shunzi用户接入
2017-12-05 19:59:21,508 - ftpServer - INFO - 新用户接入
2017-12-05 19:59:26,457 - ftpServer - INFO - 新用户接入
2017-12-05 19:59:31,902 - ftpServer - INFO - shunzi用户接入
2017-12-05 20:16:48,101 - ftpServer - INFO - 新用户接入
2017-12-05 20:22:29,015 - ftpServer - INFO - 新用户接入
2017-12-05 20:22:38,361 - ftpServer - INFO - shunzi用户接入
2017-12-05 21:35:14,551 - ftpServer - INFO - 新用户接入
2017-12-05 21:35:21,322 - ftpServer - INFO - shunzi用户接入
2017-12-05 21:38:02,053 - ftpServer - INFO - 新用户接入
2017-12-05 21:38:09,434 - ftpServer - INFO - shunzi用户接入
2017-12-05 21:38:51,338 - ftpServer - INFO - 新用户接入
2017-12-05 21:38:57,039 - ftpServer - INFO - shunzi用户接入
2017-12-05 21:39:32,062 - ftpServer - ERROR - hhehe:该路径不存在
2017-12-05 23:02:06,833 - ftpServer - INFO - 新用户接入
2017-12-05 23:02:19,963 - ftpServer - INFO - shunzi用户接入
2017-12-05 23:03:39,172 - ftpServer - INFO - 新用户接入
2017-12-05 23:03:44,862 - ftpServer - INFO - shunzi用户接入
2017-12-05 23:03:53,043 - ftpServer - ERROR - hdsj:该路径不存在
2017-12-05 23:04:05,498 - ftpServer - ERROR - hhehe:该路径不存在
2017-12-05 23:05:57,893 - ftpServer - INFO - 新用户接入
2017-12-05 23:06:03,712 - ftpServer - INFO - shunzi用户接入
2017-12-05 23:06:45,810 - ftpServer - ERROR - hhehe:该路径不存在
2017-12-05 23:07:09,821 - ftpServer - INFO - 新用户接入
2017-12-05 23:07:14,810 - ftpServer - INFO - 新用户接入
2017-12-05 23:07:20,452 - ftpServer - INFO - shunzi用户接入
2017-12-05 23:07:26,738 - ftpServer - ERROR - hhehe:该路径不存在
2017-12-05 23:08:37,612 - ftpServer - INFO - 新用户接入
2017-12-05 23:08:45,159 - ftpServer - INFO - shunzi用户接入
2017-12-05 23:08:49,384 - ftpServer - ERROR - hhehe:该路径不存在
2017-12-05 23:11:16,013 - ftpServer - INFO - 新用户接入
2017-12-05 23:11:20,887 - ftpServer - INFO - 新用户接入
2017-12-05 23:11:24,579 - ftpServer - INFO - 新用户接入
2017-12-05 23:11:30,066 - ftpServer - INFO - shunzi用户接入
2017-12-05 23:18:15,911 - ftpServer - INFO - 新用户接入
2017-12-05 23:18:21,699 - ftpServer - INFO - shunzi用户接入
2017-12-05 23:19:30,492 - ftpServer - INFO - 新用户接入
2017-12-05 23:19:39,488 - ftpServer - INFO - shunzi用户接入
2017-12-05 23:23:29,429 - ftpServer - INFO - 新用户接入
2017-12-05 23:23:35,385 - ftpServer - INFO - shunzi用户接入
2017-12-05 23:23:49,699 - ftpServer - ERROR - shunzi/:该路径不存在
2017-12-05 23:24:48,124 - ftpServer - INFO - 新用户接入
2017-12-05 23:24:54,562 - ftpServer - INFO - shunzi用户接入
2017-12-05 23:25:20,455 - ftpServer - ERROR - shunzi:该路径不存在
2017-12-06 14:59:18,250 - ftpServer - INFO - 新用户接入
2017-12-06 15:01:12,608 - ftpServer - INFO - 新用户接入
2017-12-06 15:01:34,485 - ftpServer - INFO - 新用户接入
2017-12-06 15:01:39,286 - ftpServer - INFO - 新用户接入
2017-12-06 15:01:50,443 - ftpServer - INFO - shunzi用户接入
2017-12-06 15:04:18,917 - ftpServer - INFO - 新用户接入
2017-12-06 15:04:31,415 - ftpServer - INFO - shunzi用户接入
2017-12-06 15:05:19,999 - ftpServer - INFO - 新用户接入
2017-12-06 15:06:00,914 - ftpServer - INFO - 新用户接入
2017-12-06 15:06:05,558 - ftpServer - INFO - 新用户接入
2017-12-06 15:06:13,230 - ftpServer - INFO - shunzi用户接入
2017-12-06 15:09:39,815 - ftpServer - INFO - 新用户接入
2017-12-06 15:09:46,328 - ftpServer - INFO - 新用户接入
2017-12-06 15:09:55,607 - ftpServer - INFO - shunzi用户接入
2017-12-06 15:09:58,200 - ftpServer - INFO - 开始发送...
2017-12-06 15:10:28,679 - ftpServer - INFO - 开始发送...
2017-12-06 15:11:26,899 - ftpServer - INFO - 新用户接入
2017-12-06 15:11:36,244 - ftpServer - INFO - shunzi用户接入
2017-12-06 15:11:45,347 - ftpServer - INFO - 开始发送...
2017-12-06 15:21:48,448 - ftpServer - INFO - 新用户接入
2017-12-06 15:21:55,710 - ftpServer - INFO - shunzi用户接入
2017-12-06 18:21:41,984 - ftpServer - INFO - 新用户接入
2017-12-06 18:22:05,438 - ftpServer - INFO - shunzi用户接入
2017-12-06 18:28:16,866 - ftpServer - INFO - 新用户接入
2017-12-06 18:28:22,538 - ftpServer - INFO - 新用户接入
2017-12-06 18:28:28,088 - ftpServer - INFO - shunzi用户接入
2017-12-06 18:30:06,381 - ftpServer - INFO - 新用户接入
2017-12-06 18:30:14,369 - ftpServer - INFO - shunzi用户接入
2017-12-06 18:31:25,659 - ftpServer - INFO - 新用户接入
2017-12-06 18:31:33,219 - ftpServer - INFO - shunzi用户接入
2017-12-06 18:32:14,089 - ftpServer - INFO - 新用户接入
2017-12-06 18:32:20,886 - ftpServer - INFO - shunzi用户接入
2017-12-06 18:32:50,071 - ftpServer - INFO - 新用户接入
2017-12-06 18:32:56,930 - ftpServer - INFO - shunzi用户接入
2017-12-06 18:34:04,884 - ftpServer - INFO - 新用户接入
2017-12-06 18:34:10,866 - ftpServer - INFO - shunzi用户接入
2017-12-06 18:36:00,446 - ftpServer - INFO - 新用户接入
2017-12-06 18:36:06,511 - ftpServer - INFO - shunzi用户接入
2017-12-06 18:37:33,410 - ftpServer - INFO - 新用户接入
2017-12-06 18:37:41,191 - ftpServer - INFO - shunzi用户接入
2017-12-06 18:41:17,630 - ftpServer - INFO - 新用户接入
2017-12-06 18:41:23,483 - ftpServer - INFO - shunzi用户接入
2017-12-06 18:42:42,711 - ftpServer - INFO - 新用户接入
2017-12-06 18:42:50,216 - ftpServer - INFO - shunzi用户接入
2017-12-06 18:44:27,944 - ftpServer - INFO - 新用户接入
2017-12-06 18:44:40,682 - ftpServer - INFO - shunzi用户接入
2017-12-06 18:45:03,106 - ftpServer - INFO - 新用户接入
2017-12-06 18:45:09,241 - ftpServer - INFO - shunzi用户接入
2017-12-06 18:46:08,925 - ftpServer - INFO - 新用户接入
2017-12-06 18:46:17,506 - ftpServer - INFO - shunzi用户接入
2017-12-06 18:47:05,135 - ftpServer - INFO - 新用户接入
2017-12-06 18:47:10,699 - ftpServer - INFO - shunzi用户接入
2017-12-06 18:48:34,193 - ftpServer - INFO - 新用户接入
2017-12-06 18:48:41,272 - ftpServer - INFO - shunzi用户接入
2017-12-06 18:48:48,284 - ftpServer - INFO - 新用户接入
2017-12-06 18:48:56,030 - ftpServer - INFO - shunzi用户接入
2017-12-06 18:52:48,017 - ftpServer - INFO - 新用户接入
2017-12-06 18:52:55,242 - ftpServer - INFO - shunzi用户接入
2017-12-06 18:53:20,327 - ftpServer - INFO - 新用户接入
2017-12-06 18:53:38,697 - ftpServer - INFO - shunzi用户接入
2017-12-06 18:56:02,443 - ftpServer - INFO - 新用户接入
2017-12-06 18:56:11,186 - ftpServer - INFO - shunzi用户接入
2017-12-06 18:56:13,751 - ftpServer - INFO - 开始发送...
2017-12-06 18:57:48,924 - ftpServer - INFO - 新用户接入
2017-12-06 18:57:53,721 - ftpServer - INFO - shunzi用户接入
2017-12-06 18:57:57,968 - ftpServer - INFO - 开始发送...
2017-12-06 18:59:20,046 - ftpServer - INFO - 新用户接入
2017-12-06 18:59:27,389 - ftpServer - INFO - shunzi用户接入
2017-12-06 19:00:18,907 - ftpServer - INFO - 新用户接入
2017-12-06 19:00:24,410 - ftpServer - INFO - shunzi用户接入
2017-12-06 19:02:44,185 - ftpServer - INFO - 新用户接入
2017-12-06 19:02:50,095 - ftpServer - INFO - shunzi用户接入
2017-12-06 19:04:37,177 - ftpServer - INFO - 新用户接入
2017-12-06 19:06:14,329 - ftpServer - INFO - shunzi用户接入
2017-12-06 19:31:26,440 - ftpServer - INFO - 新用户接入
2017-12-06 19:31:32,029 - ftpServer - INFO - shunzi用户接入
2017-12-06 19:31:36,292 - ftpServer - INFO - 新用户接入
2017-12-06 19:31:42,491 - ftpServer - INFO - shunzi用户接入
2017-12-06 19:33:39,140 - ftpServer - INFO - 新用户接入
2017-12-06 19:34:32,390 - ftpServer - INFO - shunzi用户接入
2017-12-06 19:35:16,762 - ftpServer - INFO - 新用户接入
2017-12-06 19:35:30,387 - ftpServer - INFO - shunzi用户接入
2017-12-06 19:39:57,651 - ftpServer - INFO - 新用户接入
2017-12-06 19:40:04,533 - ftpServer - INFO - shunzi用户接入
2017-12-06 19:42:38,585 - ftpServer - INFO - 新用户接入
2017-12-06 19:42:45,623 - ftpServer - INFO - shunzi用户接入
2017-12-06 19:45:24,771 - ftpServer - INFO - 新用户接入
2017-12-06 19:45:29,772 - ftpServer - INFO - shunzi用户接入
2017-12-06 19:49:57,290 - ftpServer - INFO - 新用户接入
2017-12-06 19:50:04,901 - ftpServer - INFO - shunzi用户接入
2017-12-06 20:32:36,259 - ftpServer - INFO - 新用户接入
2017-12-06 20:32:57,083 - ftpServer - INFO - shunzi用户接入
2017-12-06 20:33:11,801 - ftpServer - INFO - 新用户接入
2017-12-06 20:33:19,996 - ftpServer - INFO - shunzi用户接入
2017-12-06 20:38:09,894 - ftpServer - INFO - 新用户接入
2017-12-06 20:38:15,698 - ftpServer - INFO - shunzi用户接入
2017-12-06 20:41:00,660 - ftpServer - INFO - 新用户接入
2017-12-06 20:41:05,970 - ftpServer - INFO - shunzi用户接入
2017-12-06 20:42:54,409 - ftpServer - INFO - 新用户接入
2017-12-06 20:43:01,007 - ftpServer - INFO - shunzi用户接入
2017-12-06 20:45:29,612 - ftpServer - INFO - 新用户接入
2017-12-06 20:45:36,529 - ftpServer - INFO - shunzi用户接入
2017-12-06 20:53:03,630 - ftpServer - INFO - 新用户接入
2017-12-06 20:53:12,422 - ftpServer - INFO - shunzi用户接入
2017-12-06 20:54:54,063 - ftpServer - INFO - 新用户接入
2017-12-06 20:55:01,804 - ftpServer - INFO - shunzi用户接入
2017-12-06 20:57:39,062 - ftpServer - INFO - 新用户接入
2017-12-06 20:57:45,604 - ftpServer - INFO - shunzi用户接入
2017-12-06 20:58:36,065 - ftpServer - INFO - 新用户接入
2017-12-06 20:58:50,275 - ftpServer - INFO - 新用户接入
2017-12-06 20:59:03,011 - ftpServer - INFO - 新用户接入
2017-12-06 20:59:10,739 - ftpServer - INFO - shunzi用户接入
2017-12-06 21:01:48,160 - ftpServer - INFO - 新用户接入
2017-12-06 21:05:26,211 - ftpServer - INFO - 新用户接入
2017-12-06 21:06:55,212 - ftpServer - INFO - 新用户接入
2017-12-06 21:08:46,152 - ftpServer - INFO - 新用户接入
2017-12-06 21:09:16,361 - ftpServer - INFO - 新用户接入
2017-12-06 21:10:31,873 - ftpServer - INFO - 新用户接入
2017-12-06 21:11:13,899 - ftpServer - INFO - 新用户接入
2017-12-06 21:15:56,285 - ftpServer - INFO - 新用户接入
2017-12-06 21:16:04,621 - ftpServer - INFO - shunzi用户接入
2017-12-06 21:17:13,144 - ftpServer - INFO - 新用户接入
2017-12-06 21:17:20,342 - ftpServer - INFO - shunzi用户接入
2017-12-06 21:17:25,401 - ftpServer - INFO - 新用户接入
2017-12-06 21:19:51,899 - ftpServer - INFO - 新用户接入
2017-12-06 21:19:57,928 - ftpServer - INFO - shunzi用户接入
2017-12-06 21:20:00,896 - ftpServer - INFO - 新用户接入
2017-12-06 21:20:09,489 - ftpServer - INFO - shunzi用户接入
2017-12-06 23:11:41,896 - ftpServer - INFO - 新用户接入
2017-12-06 23:11:49,333 - ftpServer - INFO - shunzi用户接入
2017-12-06 23:17:19,549 - ftpServer - INFO - 新用户接入
2017-12-06 23:17:26,480 - ftpServer - INFO - shunzi用户接入
2017-12-06 23:23:20,956 - ftpServer - INFO - 新用户接入
2017-12-06 23:23:29,743 - ftpServer - INFO - shunzi用户接入
2017-12-06 23:33:16,482 - ftpServer - INFO - 新用户接入
2017-12-06 23:33:33,798 - ftpServer - INFO - 新用户接入
2017-12-06 23:33:45,149 - ftpServer - INFO - shunzi用户接入
2017-12-06 23:37:36,099 - ftpServer - INFO - 新用户接入
2017-12-06 23:37:48,857 - ftpServer - INFO - shunzi用户接入
2017-12-07 09:02:11,699 - ftpServer - INFO - 新用户接入
2017-12-07 09:02:18,956 - ftpServer - INFO - shunzi用户接入
2017-12-07 09:14:51,065 - ftpServer - INFO - 新用户接入
2017-12-07 09:14:59,112 - ftpServer - INFO - shunzi用户接入
2017-12-07 09:16:34,800 - ftpServer - INFO - 新用户接入
2017-12-07 09:16:39,405 - ftpServer - INFO - shunzi用户接入
2017-12-07 09:30:51,380 - ftpServer - INFO - 新用户接入
2017-12-07 09:30:58,639 - ftpServer - INFO - shunzi用户接入
2017-12-07 09:32:01,719 - ftpServer - INFO - 新用户接入
2017-12-07 09:32:07,413 - ftpServer - INFO - shunzi用户接入
2017-12-07 09:32:49,947 - ftpServer - INFO - 新用户接入
2017-12-07 09:32:55,226 - ftpServer - INFO - shunzi用户接入
2017-12-07 09:34:02,664 - ftpServer - INFO - 新用户接入
2017-12-07 09:34:12,472 - ftpServer - INFO - 新用户接入
2017-12-07 09:34:18,233 - ftpServer - INFO - shunzi用户接入
2017-12-07 09:35:05,513 - ftpServer - INFO - 新用户接入
2017-12-07 09:35:12,201 - ftpServer - INFO - shunzi用户接入
2017-12-07 09:35:39,027 - ftpServer - INFO - 新用户接入
2017-12-07 09:35:46,177 - ftpServer - INFO - shunzi用户接入
2017-12-07 09:37:32,155 - ftpServer - INFO - 新用户接入
2017-12-07 09:37:38,331 - ftpServer - INFO - 新用户接入
2017-12-07 09:37:46,054 - ftpServer - INFO - shunzi用户接入
2017-12-07 09:41:31,140 - ftpServer - INFO - 新用户接入
2017-12-07 09:41:36,968 - ftpServer - INFO - shunzi用户接入
2017-12-07 09:43:29,360 - ftpServer - INFO - 新用户接入
2017-12-07 09:43:34,207 - ftpServer - INFO - shunzi用户接入
2017-12-07 09:43:56,127 - ftpServer - INFO - 新用户接入
2017-12-07 09:44:04,847 - ftpServer - INFO - shunzi用户接入
2017-12-07 09:44:27,696 - ftpServer - INFO - 新用户接入
2017-12-07 09:44:32,387 - ftpServer - INFO - shunzi用户接入
2017-12-07 09:47:46,491 - ftpServer - INFO - 新用户接入
2017-12-07 09:47:52,728 - ftpServer - INFO - shunzi用户接入
2017-12-07 09:47:55,174 - ftpServer - INFO - 开始发送...
2017-12-07 09:48:13,050 - ftpServer - INFO - 新用户接入
2017-12-07 09:48:18,325 - ftpServer - INFO - shunzi用户接入
2017-12-07 09:48:19,683 - ftpServer - INFO - 开始发送...
2017-12-07 09:48:34,286 - ftpServer - INFO - 新用户接入
2017-12-07 09:48:40,725 - ftpServer - INFO - shunzi用户接入
2017-12-07 09:48:42,205 - ftpServer - INFO - 开始发送...
2017-12-07 09:55:33,747 - ftpServer - INFO - 新用户接入
2017-12-07 09:55:40,118 - ftpServer - INFO - shunzi用户接入
2017-12-07 09:56:00,524 - ftpServer - INFO - 新用户接入
2017-12-07 09:56:06,180 - ftpServer - INFO - shunzi用户接入
2017-12-07 09:59:30,868 - ftpServer - INFO - 新用户接入
2017-12-07 09:59:35,862 - ftpServer - INFO - shunzi用户接入
2017-12-07 09:59:46,323 - ftpServer - INFO - shunzi下载了第一周-第11章节-Python3.5-if else流程判断.avi
2017-12-07 10:00:23,005 - ftpServer - INFO - shunzi上传了第一周-第11章节-Python3.5-if else流程判断.avi
2017-12-07 10:01:31,598 - ftpServer - INFO - 新用户接入
2017-12-07 10:01:35,866 - ftpServer - INFO - 新用户接入
2017-12-07 10:01:41,167 - ftpServer - INFO - shunzi用户接入
2017-12-07 10:01:47,282 - ftpServer - INFO - shunzi下载了第一周-第11章节-Python3.5-if else流程判断.avi
2017-12-07 10:02:16,614 - ftpServer - INFO - shunzi上传了第一周-第11章节-Python3.5-if else流程判断.avi
